<?xml version="1.0" encoding="UTF-8"?>
<testng-results skipped="0" failed="0" total="1" passed="1">
	<reporter-output>
	</reporter-output>
	<suite name="Default suite" duration-ms="652" started-at="2017-03-29T01:45:24Z"
		finished-at="2017-03-29T01:45:25Z">
		<groups>
		</groups>
		<test name="Default test" duration-ms="652" started-at="2017-03-29T01:45:24Z"
			finished-at="2017-03-29T01:45:25Z">
			<class name="com.datascience.springboot.LoginRegistrationTestClient">
				<test-method status="PASS"
					signature="getUser()[pri:0, instance:com.datascience.springboot.LoginRegistrationTestClient@2a5ca609]"
					name="getUser" duration-ms="632" started-at="2017-03-28T18:45:25Z"
					finished-at="2017-03-28T18:45:25Z">
					<reporter-output>
					</reporter-output>
				</test-method> <!-- getUser -->
			</class> <!-- com.datascience.springboot.LoginRegistrationTestClient -->
		</test> <!-- Default test -->
	</suite> <!-- Default suite -->
</testng-results>
